build/app/intermediates/manifest_merge_blame_file/release/manifest-merger-blame-release-report.txt
1<?xml version="1.0" encoding="utf-8"?>
2<manifest xmlns:android="http://schemas.android.com/apk/res/android"
3    package="com.wrteam.eshop"
4    android:versionCode="1"
5    android:versionName="1.0.0" >
6
7    <uses-sdk
8        android:minSdkVersion="21"
8-->src\main\AndroidManifest.xml
9        android:targetSdkVersion="29" />
9-->src\main\AndroidManifest.xml
10    <!--
11         io.flutter.app.FlutterApplication is an android.app.Application that
12         calls FlutterMain.startInitialization(this); in its onCreate method.
13         In most cases you can leave this as-is, but you if you want to provide
14         additional functionality it is fine to subclass or reimplement
15         FlutterApplication and put your custom class here.
16    -->
17    <uses-permission android:name="android.permission.INTERNET" />
17-->src\main\AndroidManifest.xml:9:5-66
17-->src\main\AndroidManifest.xml:9:22-64
18    <uses-permission android:name="android.permission.WRITE_EXTERNAL_STORAGE" />
18-->src\main\AndroidManifest.xml:10:5-81
18-->src\main\AndroidManifest.xml:10:22-78
19    <uses-permission android:name="android.permission.ACCESS_FINE_LOCATION" />
19-->src\main\AndroidManifest.xml:11:5-79
19-->src\main\AndroidManifest.xml:11:22-76
20    <uses-permission android:name="android.permission.READ_EXTERNAL_STORAGE" />
20-->src\main\AndroidManifest.xml:12:5-80
20-->src\main\AndroidManifest.xml:12:22-77
21    <uses-permission android:name="android.permission.ACCESS_COARSE_LOCATION" />
21-->src\main\AndroidManifest.xml:13:5-81
21-->src\main\AndroidManifest.xml:13:22-78
22    <uses-permission android:name="android.permission.RECORD_AUDIO" />
22-->src\main\AndroidManifest.xml:14:5-70
22-->src\main\AndroidManifest.xml:14:22-68
23
24    <queries>
24-->src\main\AndroidManifest.xml:15:5-19:15
25        <intent>
25-->src\main\AndroidManifest.xml:16:9-18:18
26            <action android:name="android.speech.RecognitionService" />
26-->src\main\AndroidManifest.xml:17:13-72
26-->src\main\AndroidManifest.xml:17:21-69
27        </intent>
28        <intent>
28-->src\main\AndroidManifest.xml:16:9-18:18
29            <action android:name="android.intent.action.GET_CONTENT" />
30
31            <data android:mimeType="*/*" />
31-->[:stripe_payment] AndroidManifest.xml:32:17-50
32        </intent>
33        <intent>
33-->src\main\AndroidManifest.xml:16:9-18:18
34            <action android:name="android.support.customtabs.action.CustomTabsService" />
35        </intent> <!-- Added to check if Chrome is installed for browser-based payment authentication (e.g. 3DS1). -->
36        <package android:name="com.android.chrome" />
36-->[com.stripe:payments-core:16.10.0] AndroidManifest.xml:13:9-54
36-->[com.stripe:payments-core:16.10.0] AndroidManifest.xml:13:18-51
37    </queries>
38
39    <uses-permission android:name="android.permission.RECEIVE_BOOT_COMPLETED" />
39-->[:flutter_local_notifications] AndroidManifest.xml:7:5-81
39-->[:flutter_local_notifications] AndroidManifest.xml:7:22-78
40    <uses-permission android:name="android.permission.VIBRATE" />
40-->[:flutter_local_notifications] AndroidManifest.xml:8:5-66
40-->[:flutter_local_notifications] AndroidManifest.xml:8:22-63
41    <uses-permission android:name="android.permission.USE_FULL_SCREEN_INTENT" />
41-->[:flutter_local_notifications] AndroidManifest.xml:9:5-81
41-->[:flutter_local_notifications] AndroidManifest.xml:9:22-78
42    <uses-permission android:name="android.permission.WAKE_LOCK" />
42-->[:firebase_messaging] AndroidManifest.xml:8:5-68
42-->[:firebase_messaging] AndroidManifest.xml:8:22-65
43    <uses-permission android:name="android.permission.ACCESS_NETWORK_STATE" />
43-->[:firebase_messaging] AndroidManifest.xml:9:5-79
43-->[:firebase_messaging] AndroidManifest.xml:9:22-76
44    <uses-permission android:name="android.permission.REQUEST_INSTALL_PACKAGES" />
44-->[:open_file] AndroidManifest.xml:8:5-83
44-->[:open_file] AndroidManifest.xml:8:22-80
45
46    <uses-feature
46-->[com.google.android.gms:play-services-maps:17.0.0] AndroidManifest.xml:26:5-28:35
47        android:glEsVersion="0x00020000"
47-->[com.google.android.gms:play-services-maps:17.0.0] AndroidManifest.xml:27:9-41
48        android:required="true" /> <!-- Required by older versions of Google Play services to create IID tokens -->
48-->[com.google.android.gms:play-services-maps:17.0.0] AndroidManifest.xml:28:9-32
49    <uses-permission android:name="com.google.android.c2dm.permission.RECEIVE" />
49-->[com.google.firebase:firebase-messaging:22.0.0] AndroidManifest.xml:25:5-82
49-->[com.google.firebase:firebase-messaging:22.0.0] AndroidManifest.xml:25:22-79
50    <uses-permission android:name="android.permission.READ_PHONE_STATE" />
50-->[com.paytm.easypay:easypay:8.7.3-appinvoke-4] AndroidManifest.xml:10:5-75
50-->[com.paytm.easypay:easypay:8.7.3-appinvoke-4] AndroidManifest.xml:10:22-72
51    <uses-permission android:name="com.google.android.finsky.permission.BIND_GET_INSTALL_REFERRER_SERVICE" /> <!-- Permission will be merged into the manifest of the hosting app. -->
51-->[com.google.android.gms:play-services-measurement:19.0.0] AndroidManifest.xml:26:5-110
51-->[com.google.android.gms:play-services-measurement:19.0.0] AndroidManifest.xml:26:22-107
52    <!-- Is required to launch foreground extraction service for targetSdkVersion 28+. -->
53    <uses-permission android:name="android.permission.FOREGROUND_SERVICE" />
53-->[com.google.android.play:core:1.9.1] AndroidManifest.xml:8:3-74
53-->[com.google.android.play:core:1.9.1] AndroidManifest.xml:8:20-72
54
55    <application
55-->src\main\AndroidManifest.xml:20:5-82:19
56        android:appComponentFactory="androidx.core.app.CoreComponentFactory"
56-->[androidx.core:core:1.5.0] AndroidManifest.xml:24:18-86
57        android:icon="@mipmap/ic_launcher"
57-->src\main\AndroidManifest.xml:23:9-43
58        android:label="LHP"
58-->src\main\AndroidManifest.xml:22:9-28
59        android:requestLegacyExternalStorage="true"
59-->src\main\AndroidManifest.xml:24:9-52
60        android:theme="@style/Theme.AppCompat.Light.NoActionBar"
60-->[:stripe_payment] AndroidManifest.xml:11:18-74
61        android:usesCleartextTraffic="true" >
61-->src\main\AndroidManifest.xml:25:9-44
62        <meta-data
62-->src\main\AndroidManifest.xml:26:9-27:70
63            android:name="com.google.android.geo.API_KEY"
63-->src\main\AndroidManifest.xml:26:20-65
64            android:value="AIzaSyBPVoSISKwgTjtZdN8Ks4DcP6mW8sp4ZEo" />
64-->src\main\AndroidManifest.xml:27:13-68
65
66        <activity
66-->src\main\AndroidManifest.xml:28:9-43:20
67            android:name="com.wrteam.eshop.MainActivity"
67-->src\main\AndroidManifest.xml:29:13-41
68            android:configChanges="orientation|keyboardHidden|keyboard|screenSize|smallestScreenSize|locale|layoutDirection|fontScale|screenLayout|density|uiMode"
68-->src\main\AndroidManifest.xml:32:13-163
69            android:hardwareAccelerated="true"
69-->src\main\AndroidManifest.xml:33:13-47
70            android:launchMode="singleTop"
70-->src\main\AndroidManifest.xml:30:13-43
71            android:theme="@style/LaunchTheme"
71-->src\main\AndroidManifest.xml:31:13-47
72            android:windowSoftInputMode="adjustResize" >
72-->src\main\AndroidManifest.xml:34:13-55
73            <intent-filter>
73-->src\main\AndroidManifest.xml:35:13-38:29
74                <action android:name="android.intent.action.MAIN" />
74-->src\main\AndroidManifest.xml:36:17-68
74-->src\main\AndroidManifest.xml:36:25-66
75
76                <category android:name="android.intent.category.LAUNCHER" />
76-->src\main\AndroidManifest.xml:37:17-76
76-->src\main\AndroidManifest.xml:37:27-74
77            </intent-filter>
78            <!--
79            <intent-filter>
80                <action android:name="FLUTTER_NOTIFICATION_CLICK" />
81                <category android:name="android.intent.category.DEFAULT" />
82            </intent-filter>
83            -->
84        </activity>
85        <!--
86             Don't delete the meta-data below.
87             This is used by the Flutter tool to generate GeneratedPluginRegistrant.java
88        -->
89        <meta-data
89-->src\main\AndroidManifest.xml:46:9-48:33
90            android:name="flutterEmbedding"
90-->src\main\AndroidManifest.xml:47:13-44
91            android:value="2" />
91-->src\main\AndroidManifest.xml:48:13-30
92
93        <provider
94            android:name="vn.hunghd.flutterdownloader.DownloadedFileProvider"
94-->src\main\AndroidManifest.xml:50:5-70
95            android:authorities="com.wrteam.eshop.flutter_downloader.provider"
95-->src\main\AndroidManifest.xml:51:5-71
96            android:exported="false"
96-->src\main\AndroidManifest.xml:52:5-29
97            android:grantUriPermissions="true" >
97-->src\main\AndroidManifest.xml:53:5-39
98            <meta-data
98-->src\main\AndroidManifest.xml:54:13-56:49
99                android:name="android.support.FILE_PROVIDER_PATHS"
99-->src\main\AndroidManifest.xml:55:9-59
100                android:resource="@xml/provider_paths" />
100-->src\main\AndroidManifest.xml:56:9-47
101        </provider>
102        <provider
103            android:name="vn.hunghd.flutterdownloader.FlutterDownloaderInitializer"
103-->src\main\AndroidManifest.xml:65:6-77
104            android:authorities="com.wrteam.eshop.flutter-downloader-init"
104-->src\main\AndroidManifest.xml:66:6-68
105            android:exported="false" >
105-->src\main\AndroidManifest.xml:67:6-30
106
107            <!-- changes this number to configure the maximum number of concurrent tasks -->
108            <meta-data
108-->src\main\AndroidManifest.xml:69:13-71:30
109                android:name="vn.hunghd.flutterdownloader.MAX_CONCURRENT_TASKS"
109-->src\main\AndroidManifest.xml:70:10-73
110                android:value="5" />
110-->src\main\AndroidManifest.xml:71:10-27
111        </provider>
112
113        <meta-data
113-->src\main\AndroidManifest.xml:73:9-75:56
114            android:name="vn.hunghd.flutterdownloader.NOTIFICATION_ICON"
114-->src\main\AndroidManifest.xml:74:13-73
115            android:resource="@drawable/ic_launcher" />
115-->src\main\AndroidManifest.xml:75:13-53
116        <meta-data
116-->src\main\AndroidManifest.xml:76:9-78:51
117            android:name="com.google.firebase.messaging.default_notification_icon"
117-->src\main\AndroidManifest.xml:77:4-74
118            android:resource="@drawable/ic_launcher" />
118-->src\main\AndroidManifest.xml:78:8-48
119        <!--
120  <meta-data
121  android:name="com.google.firebase.messaging.default_notification_channel_id"
122  android:value="high_importance_channel" />
123        -->
124        <activity
124-->[:razorpay_flutter] AndroidManifest.xml:8:9-11:20
125            android:name="com.razorpay.CheckoutActivity"
125-->[:razorpay_flutter] AndroidManifest.xml:9:13-57
126            android:configChanges="keyboard|keyboardHidden|orientation|screenSize"
126-->[com.razorpay:checkout:1.6.6] AndroidManifest.xml:20:13-83
127            android:label="Razorpay Checkout"
127-->[:razorpay_flutter] AndroidManifest.xml:10:13-46
128            android:theme="@style/CheckoutTheme" >
128-->[com.razorpay:checkout:1.6.6] AndroidManifest.xml:21:13-49
129            <intent-filter>
129-->[com.razorpay:checkout:1.6.6] AndroidManifest.xml:22:13-28:29
130                <action android:name="android.intent.action.MAIN" />
130-->src\main\AndroidManifest.xml:36:17-68
130-->src\main\AndroidManifest.xml:36:25-66
131
132                <data
132-->[:stripe_payment] AndroidManifest.xml:32:17-50
133                    android:host="rzp.io"
134                    android:scheme="io.rzp" />
134-->[:stripe_payment] AndroidManifest.xml:32:23-47
135            </intent-filter>
136        </activity>
137        <activity
137-->[:flutter_inappwebview] AndroidManifest.xml:14:9-17:47
138            android:name="com.pichillilorenzo.flutter_inappwebview.in_app_browser.InAppBrowserActivity"
138-->[:flutter_inappwebview] AndroidManifest.xml:15:13-104
139            android:configChanges="orientation|keyboardHidden|keyboard|screenSize|locale|layoutDirection|fontScale|screenLayout|density"
139-->[:flutter_inappwebview] AndroidManifest.xml:16:13-137
140            android:theme="@style/AppTheme" />
140-->[:flutter_inappwebview] AndroidManifest.xml:17:13-44
141        <activity
141-->[:flutter_inappwebview] AndroidManifest.xml:18:9-20:55
142            android:name="com.pichillilorenzo.flutter_inappwebview.chrome_custom_tabs.ChromeCustomTabsActivity"
142-->[:flutter_inappwebview] AndroidManifest.xml:19:13-112
143            android:theme="@style/ThemeTransparent" />
143-->[:flutter_inappwebview] AndroidManifest.xml:20:13-52
144
145        <receiver android:name="com.pichillilorenzo.flutter_inappwebview.chrome_custom_tabs.ActionBroadcastReceiver" />
145-->[:flutter_inappwebview] AndroidManifest.xml:22:9-120
145-->[:flutter_inappwebview] AndroidManifest.xml:22:19-117
146
147        <meta-data
147-->[:flutter_inappwebview] AndroidManifest.xml:24:9-26:36
148            android:name="io.flutter.embedded_views_preview"
148-->[:flutter_inappwebview] AndroidManifest.xml:25:13-61
149            android:value="true" />
149-->[:flutter_inappwebview] AndroidManifest.xml:26:13-33
150
151        <receiver android:name="com.dexterous.flutterlocalnotifications.ScheduledNotificationReceiver" />
151-->[:flutter_local_notifications] AndroidManifest.xml:12:9-106
151-->[:flutter_local_notifications] AndroidManifest.xml:12:19-103
152        <receiver android:name="com.dexterous.flutterlocalnotifications.ScheduledNotificationBootReceiver" >
152-->[:flutter_local_notifications] AndroidManifest.xml:13:9-20:20
152-->[:flutter_local_notifications] AndroidManifest.xml:13:19-107
153            <intent-filter>
153-->[:flutter_local_notifications] AndroidManifest.xml:14:13-19:29
154                <action android:name="android.intent.action.BOOT_COMPLETED" />
154-->[:flutter_local_notifications] AndroidManifest.xml:15:17-79
154-->[:flutter_local_notifications] AndroidManifest.xml:15:25-76
155                <action android:name="android.intent.action.MY_PACKAGE_REPLACED" />
155-->[:flutter_local_notifications] AndroidManifest.xml:16:17-84
155-->[:flutter_local_notifications] AndroidManifest.xml:16:25-81
156                <action android:name="android.intent.action.QUICKBOOT_POWERON" />
156-->[:flutter_local_notifications] AndroidManifest.xml:17:17-82
156-->[:flutter_local_notifications] AndroidManifest.xml:17:25-79
157                <action android:name="com.htc.intent.action.QUICKBOOT_POWERON" />
157-->[:flutter_local_notifications] AndroidManifest.xml:18:17-82
157-->[:flutter_local_notifications] AndroidManifest.xml:18:25-79
158            </intent-filter>
159        </receiver>
160
161        <meta-data
161-->[:stripe_payment] AndroidManifest.xml:12:9-14:36
162            android:name="com.google.android.gms.wallet.api.enabled"
162-->[:stripe_payment] AndroidManifest.xml:13:13-69
163            android:value="true" />
163-->[:stripe_payment] AndroidManifest.xml:14:13-33
164
165        <activity
165-->[:stripe_payment] AndroidManifest.xml:16:9-20:75
166            android:name="com.gettipsi.stripe.OpenBrowserActivity"
166-->[:stripe_payment] AndroidManifest.xml:17:13-67
167            android:exported="false"
167-->[:stripe_payment] AndroidManifest.xml:18:13-37
168            android:launchMode="singleTask"
168-->[:stripe_payment] AndroidManifest.xml:19:13-44
169            android:theme="@android:style/Theme.Translucent.NoTitleBar" />
169-->[:stripe_payment] AndroidManifest.xml:20:13-72
170        <activity
170-->[:stripe_payment] AndroidManifest.xml:21:9-34:20
171            android:name="com.gettipsi.stripe.RedirectUriReceiver"
171-->[:stripe_payment] AndroidManifest.xml:22:13-67
172            android:exported="true"
172-->[:stripe_payment] AndroidManifest.xml:23:13-36
173            android:launchMode="singleTask"
173-->[:stripe_payment] AndroidManifest.xml:24:13-44
174            android:theme="@android:style/Theme.Translucent.NoTitleBar.Fullscreen" >
174-->[:stripe_payment] AndroidManifest.xml:25:13-83
175            <intent-filter>
175-->[:stripe_payment] AndroidManifest.xml:26:13-33:29
176                <action android:name="android.intent.action.VIEW" />
176-->[:stripe_payment] AndroidManifest.xml:27:17-69
176-->[:stripe_payment] AndroidManifest.xml:27:25-66
177
178                <category android:name="android.intent.category.DEFAULT" />
178-->[:stripe_payment] AndroidManifest.xml:29:17-76
178-->[:stripe_payment] AndroidManifest.xml:29:27-73
179                <category android:name="android.intent.category.BROWSABLE" />
179-->[:stripe_payment] AndroidManifest.xml:30:17-78
179-->[:stripe_payment] AndroidManifest.xml:30:27-75
180
181                <data android:scheme="example" />
181-->[:stripe_payment] AndroidManifest.xml:32:17-50
181-->[:stripe_payment] AndroidManifest.xml:32:23-47
182            </intent-filter>
183        </activity>
184
185        <service
185-->[:firebase_auth] AndroidManifest.xml:8:9-12:19
186            android:name="com.google.firebase.components.ComponentDiscoveryService"
186-->[:firebase_auth] AndroidManifest.xml:8:18-89
187            android:directBootAware="true"
187-->[com.google.firebase:firebase-common:20.0.0] AndroidManifest.xml:35:13-43
188            android:exported="false" >
188-->[com.google.firebase:firebase-auth:21.0.1] AndroidManifest.xml:76:13-37
189            <meta-data
189-->[:firebase_auth] AndroidManifest.xml:9:13-11:85
190                android:name="com.google.firebase.components:io.flutter.plugins.firebase.auth.FlutterFirebaseAuthRegistrar"
190-->[:firebase_auth] AndroidManifest.xml:10:17-124
191                android:value="com.google.firebase.components.ComponentRegistrar" />
191-->[:firebase_auth] AndroidManifest.xml:11:17-82
192            <meta-data
192-->[:firebase_messaging] AndroidManifest.xml:34:13-36:85
193                android:name="com.google.firebase.components:io.flutter.plugins.firebase.messaging.FlutterFirebaseAppRegistrar"
193-->[:firebase_messaging] AndroidManifest.xml:35:17-128
194                android:value="com.google.firebase.components.ComponentRegistrar" />
194-->[:firebase_messaging] AndroidManifest.xml:36:17-82
195            <meta-data
195-->[:firebase_dynamic_links] AndroidManifest.xml:11:13-13:85
196                android:name="com.google.firebase.components:io.flutter.plugins.firebasedynamiclinks.FlutterFirebaseAppRegistrar"
196-->[:firebase_dynamic_links] AndroidManifest.xml:12:17-130
197                android:value="com.google.firebase.components.ComponentRegistrar" />
197-->[:firebase_dynamic_links] AndroidManifest.xml:13:17-82
198            <meta-data
198-->[:firebase_core] AndroidManifest.xml:9:13-11:85
199                android:name="com.google.firebase.components:io.flutter.plugins.firebase.core.FlutterFirebaseCoreRegistrar"
199-->[:firebase_core] AndroidManifest.xml:10:17-124
200                android:value="com.google.firebase.components.ComponentRegistrar" />
200-->[:firebase_core] AndroidManifest.xml:11:17-82
201            <meta-data
201-->[com.google.firebase:firebase-auth:21.0.1] AndroidManifest.xml:77:13-79:85
202                android:name="com.google.firebase.components:com.google.firebase.auth.FirebaseAuthRegistrar"
202-->[com.google.firebase:firebase-auth:21.0.1] AndroidManifest.xml:78:17-109
203                android:value="com.google.firebase.components.ComponentRegistrar" />
203-->[com.google.firebase:firebase-auth:21.0.1] AndroidManifest.xml:79:17-82
204            <meta-data
204-->[com.google.firebase:firebase-messaging:22.0.0] AndroidManifest.xml:52:13-54:85
205                android:name="com.google.firebase.components:com.google.firebase.messaging.FirebaseMessagingRegistrar"
205-->[com.google.firebase:firebase-messaging:22.0.0] AndroidManifest.xml:53:17-119
206                android:value="com.google.firebase.components.ComponentRegistrar" />
206-->[com.google.firebase:firebase-messaging:22.0.0] AndroidManifest.xml:54:17-82
207            <meta-data
207-->[com.google.firebase:firebase-dynamic-links:20.1.0] AndroidManifest.xml:11:13-13:85
208                android:name="com.google.firebase.components:com.google.firebase.dynamiclinks.internal.FirebaseDynamicLinkRegistrar"
208-->[com.google.firebase:firebase-dynamic-links:20.1.0] AndroidManifest.xml:12:17-133
209                android:value="com.google.firebase.components.ComponentRegistrar" />
209-->[com.google.firebase:firebase-dynamic-links:20.1.0] AndroidManifest.xml:13:17-82
210            <meta-data
210-->[com.google.android.gms:play-services-measurement-api:19.0.0] AndroidManifest.xml:30:13-32:85
211                android:name="com.google.firebase.components:com.google.firebase.analytics.connector.internal.AnalyticsConnectorRegistrar"
211-->[com.google.android.gms:play-services-measurement-api:19.0.0] AndroidManifest.xml:31:17-139
212                android:value="com.google.firebase.components.ComponentRegistrar" />
212-->[com.google.android.gms:play-services-measurement-api:19.0.0] AndroidManifest.xml:32:17-82
213            <meta-data
213-->[com.google.firebase:firebase-datatransport:18.0.0] AndroidManifest.xml:28:13-30:85
214                android:name="com.google.firebase.components:com.google.firebase.datatransport.TransportRegistrar"
214-->[com.google.firebase:firebase-datatransport:18.0.0] AndroidManifest.xml:29:17-115
215                android:value="com.google.firebase.components.ComponentRegistrar" />
215-->[com.google.firebase:firebase-datatransport:18.0.0] AndroidManifest.xml:30:17-82
216            <meta-data
216-->[com.google.firebase:firebase-installations:17.0.0] AndroidManifest.xml:18:13-20:85
217                android:name="com.google.firebase.components:com.google.firebase.installations.FirebaseInstallationsRegistrar"
217-->[com.google.firebase:firebase-installations:17.0.0] AndroidManifest.xml:19:17-127
218                android:value="com.google.firebase.components.ComponentRegistrar" />
218-->[com.google.firebase:firebase-installations:17.0.0] AndroidManifest.xml:20:17-82
219        </service>
220        <service
220-->[:firebase_messaging] AndroidManifest.xml:12:9-15:72
221            android:name="io.flutter.plugins.firebase.messaging.FlutterFirebaseMessagingBackgroundService"
221-->[:firebase_messaging] AndroidManifest.xml:13:13-107
222            android:exported="false"
222-->[:firebase_messaging] AndroidManifest.xml:14:13-37
223            android:permission="android.permission.BIND_JOB_SERVICE" />
223-->[:firebase_messaging] AndroidManifest.xml:15:13-69
224        <service
224-->[:firebase_messaging] AndroidManifest.xml:16:9-22:19
225            android:name="io.flutter.plugins.firebase.messaging.FlutterFirebaseMessagingService"
225-->[:firebase_messaging] AndroidManifest.xml:17:13-97
226            android:exported="false" >
226-->[:firebase_messaging] AndroidManifest.xml:18:13-37
227            <intent-filter>
227-->[:firebase_messaging] AndroidManifest.xml:19:13-21:29
228                <action android:name="com.google.firebase.MESSAGING_EVENT" />
228-->[:firebase_messaging] AndroidManifest.xml:20:17-78
228-->[:firebase_messaging] AndroidManifest.xml:20:25-75
229            </intent-filter>
230        </service>
231
232        <receiver
232-->[:firebase_messaging] AndroidManifest.xml:24:9-31:20
233            android:name="io.flutter.plugins.firebase.messaging.FlutterFirebaseMessagingReceiver"
233-->[:firebase_messaging] AndroidManifest.xml:25:13-98
234            android:exported="true"
234-->[:firebase_messaging] AndroidManifest.xml:26:13-36
235            android:permission="com.google.android.c2dm.permission.SEND" >
235-->[:firebase_messaging] AndroidManifest.xml:27:13-73
236            <intent-filter>
236-->[:firebase_messaging] AndroidManifest.xml:28:13-30:29
237                <action android:name="com.google.android.c2dm.intent.RECEIVE" />
237-->[:firebase_messaging] AndroidManifest.xml:29:17-81
237-->[:firebase_messaging] AndroidManifest.xml:29:25-78
238            </intent-filter>
239        </receiver>
240
241        <provider
241-->[:firebase_messaging] AndroidManifest.xml:39:9-43:38
242            android:name="io.flutter.plugins.firebase.messaging.FlutterFirebaseMessagingInitProvider"
242-->[:firebase_messaging] AndroidManifest.xml:40:13-102
243            android:authorities="com.wrteam.eshop.flutterfirebasemessaginginitprovider"
243-->[:firebase_messaging] AndroidManifest.xml:41:13-88
244            android:exported="false"
244-->[:firebase_messaging] AndroidManifest.xml:42:13-37
245            android:initOrder="99" />
245-->[:firebase_messaging] AndroidManifest.xml:43:13-35
246        <provider
246-->[:share] AndroidManifest.xml:8:9-16:20
247            android:name="io.flutter.plugins.share.ShareFileProvider"
247-->[:share] AndroidManifest.xml:9:13-70
248            android:authorities="com.wrteam.eshop.flutter.share_provider"
248-->[:share] AndroidManifest.xml:10:13-74
249            android:exported="false"
249-->[:share] AndroidManifest.xml:11:13-37
250            android:grantUriPermissions="true" >
250-->[:share] AndroidManifest.xml:12:13-47
251            <meta-data
251-->src\main\AndroidManifest.xml:54:13-56:49
252                android:name="android.support.FILE_PROVIDER_PATHS"
252-->src\main\AndroidManifest.xml:55:9-59
253                android:resource="@xml/flutter_share_file_paths" />
253-->src\main\AndroidManifest.xml:56:9-47
254        </provider>
255        <provider
255-->[:open_file] AndroidManifest.xml:12:9-21:20
256            android:name="com.crazecoder.openfile.FileProvider"
256-->[:open_file] AndroidManifest.xml:13:13-64
257            android:authorities="com.wrteam.eshop.fileProvider.com.crazecoder.openfile"
257-->[:open_file] AndroidManifest.xml:14:13-88
258            android:exported="false"
258-->[:open_file] AndroidManifest.xml:15:13-37
259            android:grantUriPermissions="true" >
259-->[:open_file] AndroidManifest.xml:16:13-47
260            <meta-data
260-->src\main\AndroidManifest.xml:54:13-56:49
261                android:name="android.support.FILE_PROVIDER_PATHS"
261-->src\main\AndroidManifest.xml:55:9-59
262                android:resource="@xml/filepaths" />
262-->src\main\AndroidManifest.xml:56:9-47
263        </provider>
264
265        <activity
265-->[:flutter_paystack] AndroidManifest.xml:10:9-12:54
266            android:name="co.paystack.flutterpaystack.AuthActivity"
266-->[:flutter_paystack] AndroidManifest.xml:11:13-68
267            android:theme="@style/Paystack.Dialog" />
267-->[:flutter_paystack] AndroidManifest.xml:12:13-51
268        <activity
268-->[:url_launcher] AndroidManifest.xml:8:9-11:74
269            android:name="io.flutter.plugins.urllauncher.WebViewActivity"
269-->[:url_launcher] AndroidManifest.xml:9:13-74
270            android:exported="false"
270-->[:url_launcher] AndroidManifest.xml:10:13-37
271            android:theme="@android:style/Theme.NoTitleBar.Fullscreen" />
271-->[:url_launcher] AndroidManifest.xml:11:13-71
272
273        <provider
273-->[:flutter_webview_plugin] AndroidManifest.xml:9:9-18:20
274            android:name="androidx.core.content.FileProvider"
274-->[:flutter_webview_plugin] AndroidManifest.xml:10:13-62
275            android:authorities="com.wrteam.eshop.fileprovider"
275-->[:flutter_webview_plugin] AndroidManifest.xml:11:13-64
276            android:exported="false"
276-->[:flutter_webview_plugin] AndroidManifest.xml:12:13-37
277            android:grantUriPermissions="true" >
277-->[:flutter_webview_plugin] AndroidManifest.xml:13:13-47
278            <meta-data
278-->src\main\AndroidManifest.xml:54:13-56:49
279                android:name="android.support.FILE_PROVIDER_PATHS"
279-->src\main\AndroidManifest.xml:55:9-59
280                android:resource="@xml/filepaths" />
280-->src\main\AndroidManifest.xml:56:9-47
281        </provider>
282
283        <activity
283-->[com.google.firebase:firebase-auth:21.0.1] AndroidManifest.xml:27:9-44:20
284            android:name="com.google.firebase.auth.internal.GenericIdpActivity"
284-->[com.google.firebase:firebase-auth:21.0.1] AndroidManifest.xml:28:13-80
285            android:excludeFromRecents="true"
285-->[com.google.firebase:firebase-auth:21.0.1] AndroidManifest.xml:29:13-46
286            android:exported="true"
286-->[com.google.firebase:firebase-auth:21.0.1] AndroidManifest.xml:30:13-36
287            android:launchMode="singleTask"
287-->[com.google.firebase:firebase-auth:21.0.1] AndroidManifest.xml:31:13-44
288            android:theme="@android:style/Theme.Translucent.NoTitleBar" >
288-->[com.google.firebase:firebase-auth:21.0.1] AndroidManifest.xml:32:13-72
289            <intent-filter>
289-->[com.google.firebase:firebase-auth:21.0.1] AndroidManifest.xml:33:13-43:29
290                <action android:name="android.intent.action.VIEW" />
290-->[:stripe_payment] AndroidManifest.xml:27:17-69
290-->[:stripe_payment] AndroidManifest.xml:27:25-66
291
292                <category android:name="android.intent.category.DEFAULT" />
292-->[:stripe_payment] AndroidManifest.xml:29:17-76
292-->[:stripe_payment] AndroidManifest.xml:29:27-73
293                <category android:name="android.intent.category.BROWSABLE" />
293-->[:stripe_payment] AndroidManifest.xml:30:17-78
293-->[:stripe_payment] AndroidManifest.xml:30:27-75
294
295                <data
295-->[:stripe_payment] AndroidManifest.xml:32:17-50
296                    android:host="firebase.auth"
297                    android:path="/"
298                    android:scheme="genericidp" />
298-->[:stripe_payment] AndroidManifest.xml:32:23-47
299            </intent-filter>
300        </activity>
301        <activity
301-->[com.google.firebase:firebase-auth:21.0.1] AndroidManifest.xml:45:9-62:20
302            android:name="com.google.firebase.auth.internal.RecaptchaActivity"
302-->[com.google.firebase:firebase-auth:21.0.1] AndroidManifest.xml:46:13-79